INSERT INTO `logtable` VALUES ('2013-05-23 21:07:38', '10', 'ch1832', 'ch1832;ch6781;ch7398;ch14602;ch8453;ch9354;ch11887;ch805;ch70;ch12781;ch15627;ch5460;ch1832;ch14318;ch11491;ch6040;ch13966;ch11093;ch14263;ch6698;ch11116;ch8555;ch12494;ch5716;Indirectly Affected:;ch1589;ch1589;ch1589;ch11508;ch3199;ch6885;ch15104;ch15984;ch15627;', 'English 10-4, thanks for the quick response.')
INSERT INTO `logtable` VALUES ('2013-05-23 21:07:40', '8', 'ch11093', 'ch805;ch11093;', 'hah fail')
INSERT INTO `logtable` VALUES ('2013-05-23 21:07:40', '7', 'ch15984', 'ch15984;ch15104;ch15627;ch1832;', 'English: Daniel Praise')
INSERT INTO `logtable` VALUES ('2013-05-23 21:07:40', '7', 'ch7235', 'ch7235;in242;ch12162;ch12352;', 'English: A-argh shit..*Gasp*.')
INSERT INTO `logtable` VALUES ('2013-05-23 21:07:41', '7', 'ch11116', 'ch11116;ch11508;ch13966;ch3199;', 'English: Uhhhm.')
INSERT INTO `logtable` VALUES ('2013-05-23 21:07:41', '7', 'ch8555', 'ch8555;ve6229;ch16003;ve6229;', 'English INCAR: I keep \'em all.')
INSERT INTO `logtable` VALUES ('2013-05-23 21:07:41', '15', 'ch13422', 'ch13422;ch13921;', 'he just wanted to be famous, i mean somebody who can chop a nather man\'s head of')
INSERT INTO `logtable` VALUES ('2013-05-23 21:07:41', '7', 'ch13966', 'ch13966;ch11116;ch11508;ch3199;', 'English: Is it bad or good?')
INSERT INTO `logtable` VALUES ('2013-05-23 21:07:42', '15', 'ch15916', 'ch15916;ch230;', 'IF you \"had\" a button.')
INSERT INTO `logtable` VALUES ('2013-05-23 21:07:43', '27', 'ac495', 'ac495;ch11491;', 'Disconnected (Quit')
INSERT INTO `logtable` VALUES ('2013-05-23 21:07:44', '6', 'ch15070', 've1054;', 'MODDING REPAINT [ [ 0, 0, 0, 255, 0, 12, 88, 89, 90, 88, 89, 90 ] ]')
INSERT INTO `logtable` VALUES ('2013-05-23 21:07:44', '7', 'ch15622', 'ch15622;ch16020;ch15656;ch14532;', 'English: Ye\'.')
INSERT INTO `logtable` VALUES ('2013-05-23 21:07:44', '15', 'ch15900', 'ch15900;ch14342;', 'why not other cool guys')
INSERT INTO `logtable` VALUES ('2013-05-23 21:07:44', '7', 'ch16003', 'ch16003;ve6229;ch8555;ve6229;', 'English INCAR: Nice Nice..')
INSERT INTO `logtable` VALUES ('2013-05-23 21:07:44', '15', 'ch230', 'ch230;ch15916;', 'I know but it adds story.')
INSERT INTO `logtable` VALUES ('2013-05-23 21:07:44', '15', 'ch13977', 'ch13977;ch15104;', 'Have i fuck why would i want that')
INSERT INTO `logtable` VALUES ('2013-05-23 21:07:46', '11', 'ch9481', 'fa44;ch12496;ch10430;ch10835;ch10839;ch11067;ch9481;', 'Back of what?')
INSERT INTO `logtable` VALUES ('2013-05-23 21:07:47', '15', 'ch15916', 'ch15916;ch230;', 'You\'d be dead.')
INSERT INTO `logtable` VALUES ('2013-05-23 21:07:48', '7', 'ch15900', 'ch15900;ch14342;', 'English: Nah')
INSERT INTO `logtable` VALUES ('2013-05-23 21:07:48', '15', 'ch13422', 'ch13422;ch13921;', 'by a meat cleaver has no soul')
INSERT INTO `logtable` VALUES ('2013-05-23 21:07:49', '11', 'ch6040', 'ch6781;ch6040;ch13966;ch805;ch70;ch7398;ch14602;ch12781;ch11093;ch8453;ch9354;ch11887;ch14263;ch6698;ch15627;ch5460;ch1832;ch14318;', 'GOV OOC: *Sarcasm(')
INSERT INTO `logtable` VALUES ('2013-05-23 21:07:49', '8', 'ch16003', 'ch8555;ch16003;', 'Kept*')
INSERT INTO `logtable` VALUES ('2013-05-23 21:07:50', '15', 'ch7281', 'ch7281;ch14614;', 'waited an hour+ to chop a car')
INSERT INTO `logtable` VALUES ('2013-05-23 21:07:50', '8', 'ch16003', 'ch8555;ch16003;', 'lol')
INSERT INTO `logtable` VALUES ('2013-05-23 21:07:50', '7', 'ch12496', 'ch12496;ch10430;', 'English: Wanna race?')
INSERT INTO `logtable` VALUES ('2013-05-23 21:07:51', '7', 'ch8453', 'ch8453;ch1589;ch7398;ch14602;ch9354;ch11887;', 'English: We have a BOLO issued on a Marvin Jones.')
INSERT INTO `logtable` VALUES ('2013-05-23 21:07:52', '7', 'ch12162', 'ch12162;in242;ch12352;ch7235;', 'English: Try again, kinda hit me this time.')
INSERT INTO `logtable` VALUES ('2013-05-23 21:07:52', '11', 'ch10430', 'fa44;ch12496;ch10430;ch10835;ch10839;ch11067;ch9481;', 'Behind the bar.')
INSERT INTO `logtable` VALUES ('2013-05-23 21:07:52', '11', 'ch6040', 'ch6781;ch6040;ch13966;ch805;ch70;ch7398;ch14602;ch12781;ch11093;ch8453;ch9354;ch11887;ch14263;ch6698;ch15627;ch5460;ch1832;ch14318;', 'GOV OOC: *')
INSERT INTO `logtable` VALUES ('2013-05-23 21:07:54', '6', 'ch5460', 'ch5460;ve9021;', 'FIXVEH')
INSERT INTO `logtable` VALUES ('2013-05-23 21:07:54', '12', 'ch1832', 'ch15104;ch15984;ch15627;ch1832;', 'begins to jot down their information on the pen and pad, nodding slowly.')
INSERT INTO `logtable` VALUES ('2013-05-23 21:07:54', '12', 'ch7235', 'ch12162;ch12352;ch7235;', 'grunts as he clutches his stomach in a bit of discomfort and pain,')
INSERT INTO `logtable` VALUES ('2013-05-23 21:07:56', '7', 'ch16003', 'ch16003;ve6229;ch8555;ve6229;', 'English INCAR: Need any?')
INSERT INTO `logtable` VALUES ('2013-05-23 21:07:56', '31', 'ch11067', 've9484;', 'UNLOCK FROM OUTSIDE')
INSERT INTO `logtable` VALUES ('2013-05-23 21:07:57', '31', 'ch5716', 've244;', 'LOCK FROM OUTSIDE')
INSERT INTO `logtable` VALUES ('2013-05-23 21:07:57', '15', 'ch7281', 'ch7281;ch14614;', 'just for the admin to accept it and say they werent high ranked enough to do it')
INSERT INTO `logtable` VALUES ('2013-05-23 21:07:58', '15', 'ch15916', 'ch15916;ch230;', 'Or in WPP.')
INSERT INTO `logtable` VALUES ('2013-05-23 21:07:58', '7', 'ch10430', 'ch10430;ch12496;', 'English: A race? On these?')
INSERT INTO `logtable` VALUES ('2013-05-23 21:07:59', '11', 'ch6698', 'ch6781;ch6040;ch13966;ch805;ch70;ch7398;ch14602;ch12781;ch11093;ch8453;ch9354;ch11887;ch14263;ch6698;ch15627;ch5460;ch1832;ch14318;', 'GOV OOC: first I gotta finish my truck run lolol')
INSERT INTO `logtable` VALUES ('2013-05-23 21:07:59', '15', 'ch13422', 'ch13422;ch13921;', 'and then they dumped him in the middle of the road')
INSERT INTO `logtable` VALUES ('2013-05-23 21:07:59', '15', 'ch15104', 'ch15104;ch13977;', 'Okay,then admins will deal with you,it\'s gonna be worse')
INSERT INTO `logtable` VALUES ('2013-05-23 21:07:59', '7', 'ch11508', 'ch11508;ch11116;ch13966;ch3199;', 'English: A little bit bad, Miss! We would be able to offer you 240 Grand for it.')
INSERT INTO `logtable` VALUES ('2013-05-23 21:07:59', '27', 'ac96095', 'ac96095;ch16117;', 'Disconnected (Timed out')
INSERT INTO `logtable` VALUES ('2013-05-23 21:08:00', '15', 'ch10822', 'ch10822;ch16010;', 'Ah\'.. well concerning the robbery, someone has robbed my car without any notes.')
INSERT INTO `logtable` VALUES ('2013-05-23 21:08:00', '11', 'ch9481', 'fa44;ch12496;ch10430;ch10835;ch10839;ch11067;ch9481;', 'What caravan? What car is it?')
INSERT INTO `logtable` VALUES ('2013-05-23 21:08:01', '15', 'ch13921', 'ch13921;ch13422;', 'I wouldnt call it no soul, lol')
INSERT INTO `logtable` VALUES ('2013-05-23 21:08:01', '7', 'ch1832', 'ch1832;ch15104;ch15984;ch15627;', 'English: And how did you come across this body?')
INSERT INTO `logtable` VALUES ('2013-05-23 21:08:01', '12', 'ch11067', 'ch11067;', 'reaches down with her right hand [Pulling\\Pushing] the handbrake [up\\down]')
